{"level":"error","message":"Fri Jul 22 2022 22:16:50 GMT+0530 (India Standard Time)-{\"name\":\"Data Not found\",\"statusCode\":{},\"isOperational\":true}","private":true}
{"level":"error","message":"Fri Jul 22 2022 22:18:39 GMT+0530 (India Standard Time)-{\"name\":\"Data Not found\",\"statusCode\":{},\"isOperational\":true}","private":true}
{"level":"error","message":"Fri Jul 22 2022 22:19:24 GMT+0530 (India Standard Time)-{\"name\":\"Data Not found\",\"statusCode\":{},\"isOperational\":true}","private":true}
{"level":"error","message":"Fri Jul 22 2022 22:20:51 GMT+0530 (India Standard Time)-{\"name\":\"Data Not found\",\"statusCode\":{},\"isOperational\":true}","private":true}
{"level":"error","message":"Fri Jul 22 2022 22:35:54 GMT+0530 (India Standard Time)-{\"statusCode\":401}","private":true}
{"level":"error","message":"Fri Jul 22 2022 23:08:36 GMT+0530 (India Standard Time)-{\"statusCode\":401}","private":true}
{"level":"error","message":"Fri Jul 22 2022 23:09:48 GMT+0530 (India Standard Time)-{\"statusCode\":401}","private":true}
{"level":"error","message":"Fri Jul 22 2022 23:15:42 GMT+0530 (India Standard Time)-{\"statusCode\":401}","private":true}
{"level":"error","message":"Fri Jul 22 2022 23:16:18 GMT+0530 (India Standard Time)-{\"statusCode\":401}","private":true}
{"level":"error","message":"Fri Jul 22 2022 23:24:26 GMT+0530 (India Standard Time)-{\"name\":\"Data Not found\",\"statusCode\":500,\"isOperational\":true}","private":true}
{"level":"error","message":"Fri Jul 22 2022 23:33:43 GMT+0530 (India Standard Time)-{\"name\":\"Data Not found\",\"statusCode\":500,\"isOperational\":true}","private":true}
{"level":"error","message":"Fri Jul 22 2022 23:33:47 GMT+0530 (India Standard Time)-{\"name\":\"Data Not found\",\"statusCode\":500,\"isOperational\":true}","private":true}
{"level":"error","message":"Sat Jul 23 2022 00:29:25 GMT+0530 (India Standard Time)-{\"statusCode\":401}","private":true}
{"level":"error","message":"Sat Jul 23 2022 00:32:52 GMT+0530 (India Standard Time)-{\"statusCode\":403}","private":true}
{"level":"error","message":"Sat Jul 23 2022 00:44:28 GMT+0530 (India Standard Time)-{\"name\":\"Data Not found\",\"statusCode\":500,\"isOperational\":true}","private":true}
{"level":"error","message":"Sat Jul 23 2022 01:03:39 GMT+0530 (India Standard Time)-{\"statusCode\":401}","private":true}
{"level":"error","message":"Sat Jul 23 2022 01:42:08 GMT+0530 (India Standard Time)-{\"statusCode\":401}","private":true}
{"level":"error","message":"Sun Jul 24 2022 20:19:24 GMT+0530 (India Standard Time)-{\"statusCode\":403}","private":true}
{"level":"error","message":"Sun Jul 24 2022 20:23:09 GMT+0530 (India Standard Time)-{\"statusCode\":401}","private":true}
{"level":"error","message":"Mon Jul 25 2022 14:34:32 GMT+0530 (India Standard Time)-{\"statusCode\":401}","private":true}
{"level":"error","message":"Mon Jul 25 2022 14:34:45 GMT+0530 (India Standard Time)-{\"statusCode\":403}","private":true}
{"level":"error","message":"Mon Jul 25 2022 14:35:34 GMT+0530 (India Standard Time)-{\"name\":\"Data Not found\",\"statusCode\":500,\"isOperational\":true}","private":true}
{"level":"error","message":"Mon Jul 25 2022 14:35:56 GMT+0530 (India Standard Time)-{\"name\":\"Data Not found\",\"statusCode\":500,\"isOperational\":true}","private":true}
{"level":"error","message":"Mon Jul 25 2022 14:37:01 GMT+0530 (India Standard Time)-{\"name\":\"Data Not found\",\"statusCode\":500,\"isOperational\":true}","private":true}
{"level":"error","message":"Mon Jul 25 2022 14:38:43 GMT+0530 (India Standard Time)-{\"name\":\"Email could not be added\",\"statusCode\":500,\"isOperational\":true}","private":true}
{"level":"error","message":"Mon Jul 25 2022 18:47:28 GMT+0530 (India Standard Time)-{\"statusCode\":401}","private":true}
{"level":"error","message":"Mon Jul 25 2022 18:48:21 GMT+0530 (India Standard Time)-{\"name\":\"Email could not be added\",\"statusCode\":500,\"isOperational\":true}","private":true}
{"level":"error","message":"Mon Jul 25 2022 20:42:41 GMT+0530 (India Standard Time)-{}","private":true}
{"level":"error","message":"Mon Jul 25 2022 20:47:03 GMT+0530 (India Standard Time)-{}","private":true}
{"level":"error","message":"Mon Jul 25 2022 20:47:55 GMT+0530 (India Standard Time)-{\"name\":\"Data Not found\",\"statusCode\":500,\"isOperational\":true}","private":true}
{"level":"error","message":"Mon Jul 25 2022 20:49:23 GMT+0530 (India Standard Time)-{\"name\":\"Data Not found\",\"statusCode\":500,\"isOperational\":true}","private":true}
{"level":"error","message":"Mon Jul 25 2022 20:51:14 GMT+0530 (India Standard Time)-{\"name\":\"Data Not found\",\"statusCode\":500,\"isOperational\":true}","private":true}
{"level":"error","message":"Mon Jul 25 2022 20:51:44 GMT+0530 (India Standard Time)-{\"name\":\"Data Not found\",\"statusCode\":500,\"isOperational\":true}","private":true}
{"level":"error","message":"Mon Jul 25 2022 21:52:55 GMT+0530 (India Standard Time)-{\"name\":\"Email could not be added\",\"statusCode\":{},\"isOperational\":true}","private":true}
{"level":"error","message":"Tue Jul 26 2022 00:37:24 GMT+0530 (India Standard Time)-{\"name\":\"Email could not be added\",\"statusCode\":{},\"isOperational\":true}","private":true}
{"level":"error","message":"Tue Jul 26 2022 00:39:37 GMT+0530 (India Standard Time)-{\"name\":\"Email could not be added\",\"statusCode\":{},\"isOperational\":true}","private":true}
{"level":"error","message":"Tue Jul 26 2022 00:40:10 GMT+0530 (India Standard Time)-{\"name\":\"Email could not be added\",\"statusCode\":{},\"isOperational\":true}","private":true}
{"level":"error","message":"Tue Jul 26 2022 00:42:14 GMT+0530 (India Standard Time)-{\"name\":\"Email could not be added\",\"statusCode\":{},\"isOperational\":true}","private":true}
{"level":"error","message":"Tue Jul 26 2022 00:43:34 GMT+0530 (India Standard Time)-{}","private":true}
{"level":"error","message":"Tue Jul 26 2022 00:43:57 GMT+0530 (India Standard Time)-{\"name\":\"Email could not be added\",\"statusCode\":{},\"isOperational\":true}","private":true}
{"level":"error","message":"Tue Jul 26 2022 00:44:11 GMT+0530 (India Standard Time)-{\"name\":\"Email could not be added\",\"statusCode\":{\"name\":\"API Error\",\"statusCode\":500,\"isOperational\":true},\"isOperational\":true}","private":true}
{"level":"error","message":"Tue Jul 26 2022 00:45:24 GMT+0530 (India Standard Time)-{\"name\":\"Email could not be added\",\"statusCode\":{},\"isOperational\":true}","private":true}
{"level":"error","message":"Tue Jul 26 2022 00:45:43 GMT+0530 (India Standard Time)-{\"name\":\"Email could not be added\",\"statusCode\":{},\"isOperational\":true}","private":true}
{"level":"error","message":"Tue Jul 26 2022 00:46:43 GMT+0530 (India Standard Time)-{\"name\":\"Email could not be added\",\"statusCode\":{\"name\":\"API Error\",\"statusCode\":500,\"isOperational\":true},\"isOperational\":true}","private":true}
{"level":"error","message":"Tue Jul 26 2022 00:47:32 GMT+0530 (India Standard Time)-{\"name\":\"Email could not be added\",\"statusCode\":{\"name\":\"API Error\",\"statusCode\":500,\"isOperational\":true},\"isOperational\":true}","private":true}
{"level":"error","message":"Tue Jul 26 2022 00:49:36 GMT+0530 (India Standard Time)-{\"name\":\"Email could not be added\",\"statusCode\":{\"name\":\"API Error\",\"statusCode\":\"Unable to Create Dummy Employee\",\"isOperational\":true},\"isOperational\":true}","private":true}
{"level":"error","message":"Tue Jul 26 2022 00:53:27 GMT+0530 (India Standard Time)-{\"name\":\"Email could not be added\",\"statusCode\":{\"name\":\"API Error\",\"statusCode\":500,\"isOperational\":true},\"isOperational\":true}","private":true}
{"level":"error","message":"Tue Jul 26 2022 00:53:55 GMT+0530 (India Standard Time)-{\"name\":\"Email could not be added\",\"statusCode\":{},\"isOperational\":true}","private":true}
{"level":"error","message":"Tue Jul 26 2022 00:54:29 GMT+0530 (India Standard Time)-{\"name\":\"Email could not be added\",\"statusCode\":{},\"isOperational\":true}","private":true}
{"level":"error","message":"Tue Jul 26 2022 00:55:22 GMT+0530 (India Standard Time)-{\"name\":\"Email could not be added\",\"statusCode\":{\"name\":\"API Error\",\"statusCode\":500,\"isOperational\":true},\"isOperational\":true}","private":true}
{"level":"error","message":"Tue Jul 26 2022 01:04:23 GMT+0530 (India Standard Time)-{\"name\":\"Email could not be added\",\"statusCode\":{\"name\":\"API Error\",\"statusCode\":500,\"isOperational\":true},\"isOperational\":true}","private":true}
{"level":"error","message":"Tue Jul 26 2022 01:05:15 GMT+0530 (India Standard Time)-{\"name\":\"Email could not be added\",\"statusCode\":{\"name\":\"API Error\",\"statusCode\":500,\"isOperational\":true},\"isOperational\":true}","private":true}
{"level":"error","message":"Tue Jul 26 2022 01:06:47 GMT+0530 (India Standard Time)-{\"name\":\"Email could not be added\",\"statusCode\":{\"name\":\"API Error\",\"statusCode\":500,\"isOperational\":true},\"isOperational\":true}","private":true}
{"level":"error","message":"Tue Jul 26 2022 01:08:38 GMT+0530 (India Standard Time)-{\"name\":\"Email could not be added\",\"statusCode\":500,\"isOperational\":true}","private":true}
{"level":"error","message":"Tue Jul 26 2022 01:09:33 GMT+0530 (India Standard Time)-{\"name\":\"Email could not be added\",\"statusCode\":500,\"isOperational\":true}","private":true}
{"level":"error","message":"Tue Jul 26 2022 01:10:16 GMT+0530 (India Standard Time)-{\"name\":\"Email could not be added\",\"statusCode\":500,\"isOperational\":true}","private":true}
{"level":"error","message":"Tue Jul 26 2022 01:18:59 GMT+0530 (India Standard Time)-{}","private":true}
{"level":"error","message":"Tue Jul 26 2022 01:20:32 GMT+0530 (India Standard Time)-{}","private":true}
{"level":"error","message":"Tue Jul 26 2022 01:21:14 GMT+0530 (India Standard Time)-{\"name\":\"Data Not found\",\"statusCode\":500,\"isOperational\":true}","private":true}
{"level":"error","message":"Tue Jul 26 2022 01:21:53 GMT+0530 (India Standard Time)-{\"name\":\"Unable to create Employee\",\"statusCode\":500,\"isOperational\":true}","private":true}
{"level":"error","message":"Tue Jul 26 2022 01:25:07 GMT+0530 (India Standard Time)-{\"name\":\"Data Not found\",\"statusCode\":500,\"isOperational\":true}","private":true}
{"level":"error","message":"Tue Jul 26 2022 01:46:30 GMT+0530 (India Standard Time)-{\"statusCode\":401}","private":true}
{"level":"error","message":"Tue Jul 26 2022 01:46:39 GMT+0530 (India Standard Time)-{\"statusCode\":401}","private":true}
{"level":"error","message":"Tue Jul 26 2022 01:48:19 GMT+0530 (India Standard Time)-{\"name\":\"Data Not found\",\"statusCode\":500,\"isOperational\":true}","private":true}
{"level":"error","message":"Tue Jul 26 2022 01:51:05 GMT+0530 (India Standard Time)-{\"name\":\"Email could not be added\",\"statusCode\":500,\"isOperational\":true}","private":true}
{"level":"error","message":"Tue Jul 26 2022 01:53:14 GMT+0530 (India Standard Time)-{\"name\":\"Data Not found\",\"statusCode\":500,\"isOperational\":true}","private":true}
{"level":"error","message":"Tue Jul 26 2022 01:53:44 GMT+0530 (India Standard Time)-{\"name\":\"Data Not found\",\"statusCode\":500,\"isOperational\":true}","private":true}
{"level":"error","message":"Tue Jul 26 2022 02:57:46 GMT+0530 (India Standard Time)-{\"name\":\"Email could not be added\",\"statusCode\":500,\"isOperational\":true}","private":true}
{"level":"error","message":"Tue Jul 26 2022 10:37:10 GMT+0530 (India Standard Time)-{\"statusCode\":401}","private":true}
{"level":"error","message":"Tue Jul 26 2022 21:24:28 GMT+0530 (India Standard Time)-{\"statusCode\":401}","private":true}
{"level":"error","message":"Tue Jul 26 2022 21:37:17 GMT+0530 (India Standard Time)-{\"name\":\"Email could not be added\",\"statusCode\":500,\"isOperational\":true}","private":true}
{"level":"error","message":"Wed Jul 27 2022 02:16:41 GMT+0530 (India Standard Time)-{\"statusCode\":401}","private":true}
{"level":"error","message":"Wed Jul 27 2022 02:33:29 GMT+0530 (India Standard Time)-{\"name\":\"Salary could not be added\",\"statusCode\":500,\"isOperational\":true}","private":true}
{"level":"error","message":"Wed Jul 27 2022 02:34:28 GMT+0530 (India Standard Time)-{\"name\":\"Salary could not be added\",\"statusCode\":500,\"isOperational\":true}","private":true}
{"level":"error","message":"Wed Jul 27 2022 02:35:35 GMT+0530 (India Standard Time)-{\"name\":\"Salary could not be added\",\"statusCode\":500,\"isOperational\":true}","private":true}
{"level":"error","message":"Wed Jul 27 2022 02:43:03 GMT+0530 (India Standard Time)-{\"name\":\"Data Not found\",\"statusCode\":500,\"isOperational\":true}","private":true}
{"level":"error","message":"Wed Jul 27 2022 02:45:08 GMT+0530 (India Standard Time)-{\"name\":\"Data Not found\",\"statusCode\":500,\"isOperational\":true}","private":true}
{"level":"error","message":"Wed Jul 27 2022 02:48:03 GMT+0530 (India Standard Time)-{\"name\":\"Data Not found\",\"statusCode\":500,\"isOperational\":true}","private":true}
{"level":"error","message":"Wed Jul 27 2022 02:48:20 GMT+0530 (India Standard Time)-{\"statusCode\":403}","private":true}
{"level":"error","message":"Thu Jul 28 2022 09:14:02 GMT+0530 (India Standard Time)-{}","private":true}
{"level":"error","message":"Thu Jul 28 2022 09:21:38 GMT+0530 (India Standard Time)-{\"name\":\"Data Not found\",\"statusCode\":500,\"isOperational\":true}","private":true}
{"level":"error","message":"Thu Jul 28 2022 09:23:01 GMT+0530 (India Standard Time)-{\"name\":\"Data Not found\",\"statusCode\":500,\"isOperational\":true}","private":true}
{"level":"error","message":"Thu Jul 28 2022 09:24:30 GMT+0530 (India Standard Time)-{\"name\":\"Data Not found\",\"statusCode\":500,\"isOperational\":true}","private":true}
{"level":"error","message":"Thu Jul 28 2022 09:31:44 GMT+0530 (India Standard Time)-{}","private":true}
{"level":"error","message":"Thu Jul 28 2022 09:32:00 GMT+0530 (India Standard Time)-{}","private":true}
{"level":"error","message":"Thu Jul 28 2022 09:46:21 GMT+0530 (India Standard Time)-{\"statusCode\":401}","private":true}
{"level":"error","message":"Thu Jul 28 2022 09:46:52 GMT+0530 (India Standard Time)-{}","private":true}
{"level":"error","message":"Thu Jul 28 2022 09:47:51 GMT+0530 (India Standard Time)-{}","private":true}
{"level":"error","message":"Thu Jul 28 2022 09:48:53 GMT+0530 (India Standard Time)-{}","private":true}
{"level":"error","message":"Thu Jul 28 2022 09:50:07 GMT+0530 (India Standard Time)-{}","private":true}
{"level":"error","message":"Thu Jul 28 2022 09:50:48 GMT+0530 (India Standard Time)-{}","private":true}
{"level":"error","message":"Thu Jul 28 2022 14:14:31 GMT+0530 (India Standard Time)-{\"statusCode\":401}","private":true}
{"level":"error","message":"Thu Jul 28 2022 14:31:03 GMT+0530 (India Standard Time)-{\"name\":\"JsonWebTokenError\",\"message\":\"invalid signature\"}","private":true}
{"level":"error","message":"Thu Jul 28 2022 14:40:30 GMT+0530 (India Standard Time)-{}","private":true}
{"level":"error","message":"Thu Jul 28 2022 14:41:00 GMT+0530 (India Standard Time)-{\"name\":\"Unable to create Employee\",\"statusCode\":500,\"isOperational\":true}","private":true}
{"level":"error","message":"Thu Jul 28 2022 14:41:10 GMT+0530 (India Standard Time)-{}","private":true}
{"level":"error","message":"Thu Jul 28 2022 14:42:43 GMT+0530 (India Standard Time)-{}","private":true}
{"level":"error","message":"Thu Jul 28 2022 14:42:59 GMT+0530 (India Standard Time)-{\"name\":\"Unable to create Employee\",\"statusCode\":500,\"isOperational\":true}","private":true}
{"level":"error","message":"Thu Jul 28 2022 14:46:24 GMT+0530 (India Standard Time)-{\"name\":\"Unable to create Employee\",\"statusCode\":500,\"isOperational\":true}","private":true}
{"level":"error","message":"Thu Jul 28 2022 14:46:30 GMT+0530 (India Standard Time)-{}","private":true}
{"level":"error","message":"Thu Jul 28 2022 14:47:04 GMT+0530 (India Standard Time)-{}","private":true}
{"level":"error","message":"Thu Jul 28 2022 14:47:22 GMT+0530 (India Standard Time)-{}","private":true}
{"level":"error","message":"Thu Jul 28 2022 14:56:07 GMT+0530 (India Standard Time)-{}","private":true}
{"level":"error","message":"Thu Jul 28 2022 14:57:53 GMT+0530 (India Standard Time)-{}","private":true}
